<?xml version="1.0" encoding="UTF-8"?>
<!-- Generated by org.testng.reporters.JUnitReportReporter -->
<testsuite hostname="DESKTOP-0KDP1L5" name="com.scp.dashboard.ATest" tests="7" failures="0" timestamp="7 Dec 2018 05:08:56 GMT" time="0.025" errors="0">
  <testcase name="method2" time="0.004" classname="com.scp.dashboard.ATest"/>
  <testcase name="method3" time="0.003" classname="com.scp.dashboard.ATest"/>
  <testcase name="method1" time="0.002" classname="com.scp.dashboard.ATest"/>
  <testcase name="method5" time="0.003" classname="com.scp.dashboard.ATest"/>
  <testcase name="method6" time="0.003" classname="com.scp.dashboard.ATest"/>
  <testcase name="method7" time="0.008" classname="com.scp.dashboard.ATest"/>
  <testcase name="method4" time="0.002" classname="com.scp.dashboard.ATest"/>
</testsuite> <!-- com.scp.dashboard.ATest -->
