<?xml version="1.0" encoding="UTF-8"?>
<!-- Generated by org.testng.reporters.JUnitReportReporter -->
<testsuite hostname="DESKTOP-0KDP1L5" name="com.scp.login.LoginTest" tests="7" failures="0" timestamp="7 Dec 2018 05:22:24 GMT" time="0.044" errors="0">
  <testcase name="login1" time="0.009" classname="com.scp.login.LoginTest"/>
  <testcase name="login2" time="0.002" classname="com.scp.login.LoginTest"/>
  <testcase name="login3" time="0.002" classname="com.scp.login.LoginTest"/>
  <testcase name="login7" time="0.003" classname="com.scp.login.LoginTest"/>
  <testcase name="login5" time="0.009" classname="com.scp.login.LoginTest"/>
  <testcase name="login6" time="0.017" classname="com.scp.login.LoginTest"/>
  <testcase name="login4" time="0.002" classname="com.scp.login.LoginTest"/>
</testsuite> <!-- com.scp.login.LoginTest -->
