<?xml version="1.0" encoding="UTF-8"?>
<!-- Generated by org.testng.reporters.JUnitReportReporter -->
<testsuite hostname="DESKTOP-0KDP1L5" name="com.scp.login.LoginPositiveTest" tests="1" failures="0" timestamp="7 Dec 2018 05:25:59 GMT" time="0.015" errors="0">
  <testcase name="LoginP1" time="0.015" classname="com.scp.login.LoginPositiveTest"/>
</testsuite> <!-- com.scp.login.LoginPositiveTest -->
