<?xml version="1.0" encoding="UTF-8"?>
<!-- Generated by org.testng.reporters.JUnitReportReporter -->
<testsuite hostname="DESKTOP-0KDP1L5" name="com.scp.dashboard.CTest" tests="7" failures="0" timestamp="7 Dec 2018 05:08:56 GMT" time="0.068" errors="0">
  <testcase name="c1" time="0.029" classname="com.scp.dashboard.CTest"/>
  <testcase name="c2" time="0.002" classname="com.scp.dashboard.CTest"/>
  <testcase name="c3" time="0.010" classname="com.scp.dashboard.CTest"/>
  <testcase name="c7" time="0.002" classname="com.scp.dashboard.CTest"/>
  <testcase name="c5" time="0.008" classname="com.scp.dashboard.CTest"/>
  <testcase name="c6" time="0.007" classname="com.scp.dashboard.CTest"/>
  <testcase name="c4" time="0.010" classname="com.scp.dashboard.CTest"/>
</testsuite> <!-- com.scp.dashboard.CTest -->
