<?xml version="1.0" encoding="UTF-8"?>
<!-- Generated by org.testng.reporters.JUnitReportReporter -->
<testsuite hostname="DESKTOP-0KDP1L5" name="com.scp.invoice.I2Test" tests="5" failures="0" timestamp="7 Dec 2018 05:35:58 GMT" time="0.031" errors="0">
  <testcase name="Invoicetwo6" time="0.008" classname="com.scp.invoice.I2Test"/>
  <testcase name="Invoicetwo6" time="0.007" classname="com.scp.invoice.I2Test"/>
  <testcase name="Invoicetwo6" time="0.009" classname="com.scp.invoice.I2Test"/>
  <testcase name="Invoicetwo6" time="0.003" classname="com.scp.invoice.I2Test"/>
  <testcase name="Invoicetwo6" time="0.004" classname="com.scp.invoice.I2Test"/>
</testsuite> <!-- com.scp.invoice.I2Test -->
