<?xml version="1.0" encoding="UTF-8"?>
<!-- Generated by org.testng.reporters.JUnitReportReporter -->
<testsuite hostname="DESKTOP-0KDP1L5" name="com.scp.dashboard.BTest" tests="7" failures="0" timestamp="7 Dec 2018 05:16:57 GMT" time="0.022" errors="0">
  <testcase name="b5" time="0.001" classname="com.scp.dashboard.BTest"/>
  <testcase name="b7" time="0.001" classname="com.scp.dashboard.BTest"/>
  <testcase name="b3" time="0.002" classname="com.scp.dashboard.BTest"/>
  <testcase name="b2" time="0.003" classname="com.scp.dashboard.BTest"/>
  <testcase name="b1" time="0.012" classname="com.scp.dashboard.BTest"/>
  <testcase name="b6" time="0.001" classname="com.scp.dashboard.BTest"/>
  <testcase name="b4" time="0.002" classname="com.scp.dashboard.BTest"/>
</testsuite> <!-- com.scp.dashboard.BTest -->
