<?xml version="1.0" encoding="UTF-8"?>
<!-- Generated by org.testng.reporters.JUnitReportReporter -->
<testsuite hostname="DESKTOP-0KDP1L5" name="com.scp.dashboard.ACTest" tests="7" failures="0" timestamp="7 Dec 2018 05:16:57 GMT" time="0.030" errors="0">
  <testcase name="c6" time="0.003" classname="com.scp.dashboard.ACTest"/>
  <testcase name="c3" time="0.004" classname="com.scp.dashboard.ACTest"/>
  <testcase name="c1" time="0.005" classname="com.scp.dashboard.ACTest"/>
  <testcase name="c5" time="0.011" classname="com.scp.dashboard.ACTest"/>
  <testcase name="c2" time="0.001" classname="com.scp.dashboard.ACTest"/>
  <testcase name="c4" time="0.004" classname="com.scp.dashboard.ACTest"/>
  <testcase name="c7" time="0.002" classname="com.scp.dashboard.ACTest"/>
</testsuite> <!-- com.scp.dashboard.ACTest -->
