<?xml version="1.0" encoding="UTF-8"?>
<!-- Generated by org.testng.reporters.JUnitReportReporter -->
<testsuite hostname="DESKTOP-0KDP1L5" name="com.scp.dashboard.ABTest" tests="7" failures="0" timestamp="7 Dec 2018 05:16:57 GMT" time="0.031" errors="0">
  <testcase name="method1" time="0.009" classname="com.scp.dashboard.ABTest"/>
  <testcase name="method5" time="0.002" classname="com.scp.dashboard.ABTest"/>
  <testcase name="method4" time="0.006" classname="com.scp.dashboard.ABTest"/>
  <testcase name="method7" time="0.003" classname="com.scp.dashboard.ABTest"/>
  <testcase name="method6" time="0.002" classname="com.scp.dashboard.ABTest"/>
  <testcase name="method2" time="0.003" classname="com.scp.dashboard.ABTest"/>
  <testcase name="method3" time="0.006" classname="com.scp.dashboard.ABTest"/>
</testsuite> <!-- com.scp.dashboard.ABTest -->
