<?xml version="1.0" encoding="UTF-8"?>
<!-- Generated by org.testng.reporters.JUnitReportReporter -->
<testsuite hostname="DESKTOP-0KDP1L5" name="com.scp.login.LoginNegativeTest" tests="1" failures="0" timestamp="7 Dec 2018 05:22:50 GMT" time="0.019" errors="0">
  <testcase name="loginN6" time="0.019" classname="com.scp.login.LoginNegativeTest"/>
</testsuite> <!-- com.scp.login.LoginNegativeTest -->
